0 info it worked if it ends with ok
1 verbose cli [ '/usr/bin/nodejs', '/usr/bin/npm', 'run', 'tracking' ]
2 info using npm@3.5.2
3 info using node@v4.2.6
4 verbose run-script [ 'pretracking', 'tracking', 'posttracking' ]
5 info lifecycle tracking@1.0.0~pretracking: tracking@1.0.0
6 silly lifecycle tracking@1.0.0~pretracking: no script for pretracking, continuing
7 info lifecycle tracking@1.0.0~tracking: tracking@1.0.0
8 verbose lifecycle tracking@1.0.0~tracking: unsafe-perm in lifecycle true
9 verbose lifecycle tracking@1.0.0~tracking: PATH: /usr/share/npm/bin/node-gyp-bin:/home/deanna/Documents/code/tracking/node_modules/.bin:/usr/local/sbin:/usr/local/bin:/usr/sbin:/usr/bin:/sbin:/bin:/usr/games:/usr/local/games:/snap/bin:/usr/local/share/scala-2.11.7//bin
10 verbose lifecycle tracking@1.0.0~tracking: CWD: /home/deanna/Documents/code/tracking
11 silly lifecycle tracking@1.0.0~tracking: Args: [ '-c',
11 silly lifecycle   'webpack --config config/webpack.js && node src/server/index.js' ]
12 silly lifecycle tracking@1.0.0~tracking: Returned: code: 2  signal: null
13 info lifecycle tracking@1.0.0~tracking: Failed to exec tracking script
14 verbose stack Error: tracking@1.0.0 tracking: `webpack --config config/webpack.js && node src/server/index.js`
14 verbose stack Exit status 2
14 verbose stack     at EventEmitter.<anonymous> (/usr/share/npm/lib/utils/lifecycle.js:232:16)
14 verbose stack     at emitTwo (events.js:87:13)
14 verbose stack     at EventEmitter.emit (events.js:172:7)
14 verbose stack     at ChildProcess.<anonymous> (/usr/share/npm/lib/utils/spawn.js:24:14)
14 verbose stack     at emitTwo (events.js:87:13)
14 verbose stack     at ChildProcess.emit (events.js:172:7)
14 verbose stack     at maybeClose (internal/child_process.js:821:16)
14 verbose stack     at Process.ChildProcess._handle.onexit (internal/child_process.js:211:5)
15 verbose pkgid tracking@1.0.0
16 verbose cwd /home/deanna/Documents/code/tracking
17 error Linux 4.4.0-75-generic
18 error argv "/usr/bin/nodejs" "/usr/bin/npm" "run" "tracking"
19 error node v4.2.6
20 error npm  v3.5.2
21 error code ELIFECYCLE
22 error tracking@1.0.0 tracking: `webpack --config config/webpack.js && node src/server/index.js`
22 error Exit status 2
23 error Failed at the tracking@1.0.0 tracking script 'webpack --config config/webpack.js && node src/server/index.js'.
23 error Make sure you have the latest version of node.js and npm installed.
23 error If you do, this is most likely a problem with the tracking package,
23 error not with npm itself.
23 error Tell the author that this fails on your system:
23 error     webpack --config config/webpack.js && node src/server/index.js
23 error You can get information on how to open an issue for this project with:
23 error     npm bugs tracking
23 error Or if that isn't available, you can get their info via:
23 error     npm owner ls tracking
23 error There is likely additional logging output above.
24 verbose exit [ 1, true ]
